<?xml version="1.0" encoding="UTF-8"?>
<TestRun id="48288dc9-bb09-40f8-85a2-5f76bee9cf62" name="Cherubdown@CHRISPC 2015-03-21 17:11:59" runUser="CHRISPC\Cherubdown" xmlns="http://microsoft.com/schemas/VisualStudio/TeamTest/2010">
  <TestSettings name="Local" id="34af9878-56ef-42b4-b666-c6e75f21f8f3">
    <Description>These are default test settings for a local test run.</Description>
    <Deployment enabled="false" runDeploymentRoot="Cherubdown_CHRISPC 2015-03-21 17_11_59">
      <DeploymentItem filename="C:\Master\Programs\Scraper\GW2TimerScraper\GW2TimerScraper\bin\Debug\GW2TimerScraper.exe" />
    </Deployment>
    <Execution>
      <TestTypeSpecific />
      <AgentRule name="Execution Agents">
      </AgentRule>
    </Execution>
  </TestSettings>
  <Times creation="2015-03-21T17:11:59.0533433-05:00" queuing="2015-03-21T17:12:01.9118003-05:00" start="2015-03-21T17:12:01.9758152-05:00" finish="2015-03-21T17:13:21.1311573-05:00" />
  <ResultSummary outcome="Error">
    <Counters total="1" executed="1" error="0" failed="0" timeout="0" aborted="1" inconclusive="0" passedButRunAborted="0" notRunnable="0" notExecuted="0" disconnected="0" warning="0" passed="0" completed="0" inProgress="0" pending="0" />
    <RunInfos>
      <RunInfo computerName="CHRISPC" outcome="Error" timestamp="2015-03-21T17:13:21.1311573-05:00">
        <Text>Test host process exited unexpectedly.</Text>
      </RunInfo>
    </RunInfos>
  </ResultSummary>
  <TestDefinitions>
    <UnitTest name="TestMethod1" storage="c:\master\programs\scraper\gw2timerscraper\gw2timertests\bin\debug\gw2timertests.dll" id="6933369a-fabb-d07c-9122-e32be7ef6e93">
      <Execution id="f1d64b17-b46d-406e-8693-67eafe1f6970" />
      <TestMethod codeBase="C:/Master/Programs/Scraper/GW2TimerScraper/GW2TimerTests/bin/Debug/GW2TimerTests.DLL" adapterTypeName="Microsoft.VisualStudio.TestTools.TestTypes.Unit.UnitTestAdapter, Microsoft.VisualStudio.QualityTools.Tips.UnitTest.Adapter, Version=10.0.0.0, Culture=neutral, PublicKeyToken=b03f5f7f11d50a3a" className="GW2TimerTests.UnitTest1, GW2TimerTests, Version=1.0.0.0, Culture=neutral, PublicKeyToken=null" name="TestMethod1" />
    </UnitTest>
  </TestDefinitions>
  <TestLists>
    <TestList name="Results Not in a List" id="8c84fa94-04c1-424b-9868-57a2d4851a1d" />
    <TestList name="All Loaded Results" id="19431567-8539-422a-85d7-44ee4e166bda" />
  </TestLists>
  <TestEntries>
    <TestEntry testId="6933369a-fabb-d07c-9122-e32be7ef6e93" executionId="f1d64b17-b46d-406e-8693-67eafe1f6970" testListId="8c84fa94-04c1-424b-9868-57a2d4851a1d" />
  </TestEntries>
  <Results>
    <UnitTestResult executionId="f1d64b17-b46d-406e-8693-67eafe1f6970" testId="6933369a-fabb-d07c-9122-e32be7ef6e93" testName="TestMethod1" computerName="CHRISPC" duration="00:01:19.0913260" startTime="2015-03-21T17:12:02.0398313-05:00" endTime="2015-03-21T17:13:21.1311573-05:00" testType="13cdc9d9-ddb5-4fa4-a97d-d965ccfc6d4b" outcome="Aborted" testListId="8c84fa94-04c1-424b-9868-57a2d4851a1d" relativeResultsDirectory="f1d64b17-b46d-406e-8693-67eafe1f6970">
    </UnitTestResult>
  </Results>
</TestRun>