<?xml version="1.0" encoding="UTF-8"?>
<TestRun id="1d321e48-e27e-469f-985a-6c8587136867" name="Cherubdown@CHRISPC 2015-03-21 17:00:50" runUser="CHRISPC\Cherubdown" xmlns="http://microsoft.com/schemas/VisualStudio/TeamTest/2010">
  <TestSettings name="Local" id="34af9878-56ef-42b4-b666-c6e75f21f8f3">
    <Description>These are default test settings for a local test run.</Description>
    <Deployment enabled="false" runDeploymentRoot="Cherubdown_CHRISPC 2015-03-21 17_00_50">
      <DeploymentItem filename="C:\Master\Programs\Scraper\GW2TimerScraper\GW2TimerScraper\bin\Debug\GW2TimerScraper.exe" />
    </Deployment>
    <Execution>
      <TestTypeSpecific />
      <AgentRule name="Execution Agents">
      </AgentRule>
    </Execution>
  </TestSettings>
  <Times creation="2015-03-21T17:00:50.7050196-05:00" queuing="2015-03-21T17:00:55.3810446-05:00" start="2015-03-21T17:00:55.5000740-05:00" finish="2015-03-21T17:00:56.5203260-05:00" />
  <ResultSummary outcome="Failed">
    <Counters total="1" executed="1" error="0" failed="1" timeout="0" aborted="0" inconclusive="0" passedButRunAborted="0" notRunnable="0" notExecuted="0" disconnected="0" warning="0" passed="0" completed="0" inProgress="0" pending="0" />
  </ResultSummary>
  <TestDefinitions>
    <UnitTest name="TestMethod1" storage="c:\master\programs\scraper\gw2timerscraper\gw2timertests\bin\debug\gw2timertests.dll" id="6933369a-fabb-d07c-9122-e32be7ef6e93">
      <Execution id="34cad5be-9cf2-409c-894d-84fa86e015eb" />
      <TestMethod codeBase="C:/Master/Programs/Scraper/GW2TimerScraper/GW2TimerTests/bin/Debug/GW2TimerTests.DLL" adapterTypeName="Microsoft.VisualStudio.TestTools.TestTypes.Unit.UnitTestAdapter, Microsoft.VisualStudio.QualityTools.Tips.UnitTest.Adapter, Version=10.0.0.0, Culture=neutral, PublicKeyToken=b03f5f7f11d50a3a" className="GW2TimerTests.UnitTest1, GW2TimerTests, Version=1.0.0.0, Culture=neutral, PublicKeyToken=null" name="TestMethod1" />
    </UnitTest>
  </TestDefinitions>
  <TestLists>
    <TestList name="Results Not in a List" id="8c84fa94-04c1-424b-9868-57a2d4851a1d" />
    <TestList name="All Loaded Results" id="19431567-8539-422a-85d7-44ee4e166bda" />
  </TestLists>
  <TestEntries>
    <TestEntry testId="6933369a-fabb-d07c-9122-e32be7ef6e93" executionId="34cad5be-9cf2-409c-894d-84fa86e015eb" testListId="8c84fa94-04c1-424b-9868-57a2d4851a1d" />
  </TestEntries>
  <Results>
    <UnitTestResult executionId="34cad5be-9cf2-409c-894d-84fa86e015eb" testId="6933369a-fabb-d07c-9122-e32be7ef6e93" testName="TestMethod1" computerName="CHRISPC" duration="00:00:00.3183805" startTime="2015-03-21T17:00:55.6521113-05:00" endTime="2015-03-21T17:00:56.4503084-05:00" testType="13cdc9d9-ddb5-4fa4-a97d-d965ccfc6d4b" outcome="Failed" testListId="8c84fa94-04c1-424b-9868-57a2d4851a1d" relativeResultsDirectory="34cad5be-9cf2-409c-894d-84fa86e015eb">
      <Output>
        <ErrorInfo>
          <Message>Assert.Fail failed. Assert.Equals should not be used for Assertions. Please use Assert.AreEqual &amp; overloads instead.</Message>
          <StackTrace>   at GW2TimerTests.UnitTest1.TestMethod1() in C:\Master\Programs\Scraper\GW2TimerScraper\GW2TimerTests\UnitTest1.cs:line 20
</StackTrace>
        </ErrorInfo>
      </Output>
    </UnitTestResult>
  </Results>
</TestRun>